<?xml version="1.0" encoding="UTF-8"?>
<testsuite xmlns:xsi="http://www.w3.org/2001/XMLSchema-instance" xsi:noNamespaceSchemaLocation="https://maven.apache.org/surefire/maven-surefire-plugin/xsd/surefire-test-report-3.0.xsd" version="3.0" name="com.database.TreePerformanceTest" time="1.222" tests="1" errors="0" skipped="0" failures="0">
  <properties>
[...]
</properties>
  <testcase name="testPerformance" classname="com.database.TreePerformanceTest" time="1.219">
    <system-out><![CDATA[
DataType: Random | Size: 10000
Insertion (ms) | AVL: 19.2956 | RB: 8.3007 | BTree: 4.2701
Search (ms)    | AVL: 4.8937 | RB: 6.5428 | BTree: 6.4004
Height         | AVL: 16 | BTree: 6
BTree Nodes    | 3139
Memory Used: 1.3251 MB
------------------------------------------------------

DataType: Sorted | Size: 10000
Insertion (ms) | AVL: 5.1812 | RB: 3.7771 | BTree: 2.3423
Search (ms)    | AVL: 2.7327 | RB: 2.8714 | BTree: 2.4989
Height         | AVL: 14 | BTree: 7
BTree Nodes    | 4996
Memory Used: 1.5253 MB
------------------------------------------------------

DataType: Skewed | Size: 10000
Insertion (ms) | AVL: 6.6091 | RB: 5.2238 | BTree: 2.7717
Search (ms)    | AVL: 2.7272 | RB: 3.1892 | BTree: 2.7185
Height         | AVL: 16 | BTree: 7
BTree Nodes    | 4529
Memory Used: 1.4754 MB
------------------------------------------------------

DataType: Random | Size: 50000
Insertion (ms) | AVL: 25.1559 | RB: 51.8170 | BTree: 26.7441
Search (ms)    | AVL: 3.6552 | RB: 3.3865 | BTree: 3.6496
Height         | AVL: 19 | BTree: 7
BTree Nodes    | 15622
Memory Used: 6.6276 MB
------------------------------------------------------

DataType: Sorted | Size: 50000
Insertion (ms) | AVL: 21.7379 | RB: 17.7528 | BTree: 12.5473
Search (ms)    | AVL: 1.9550 | RB: 2.6306 | BTree: 2.6362
Height         | AVL: 16 | BTree: 9
BTree Nodes    | 24994
Memory Used: 7.7661 MB
------------------------------------------------------

DataType: Skewed | Size: 50000
Insertion (ms) | AVL: 12.5029 | RB: 21.3037 | BTree: 13.9348
Search (ms)    | AVL: 2.1287 | RB: 2.7307 | BTree: 3.1678
Height         | AVL: 19 | BTree: 9
BTree Nodes    | 22696
Memory Used: 7.4398 MB
------------------------------------------------------

DataType: Random | Size: 100000
Insertion (ms) | AVL: 45.7783 | RB: 67.0178 | BTree: 27.3368
Search (ms)    | AVL: 3.2288 | RB: 3.5055 | BTree: 3.8621
Height         | AVL: 20 | BTree: 8
BTree Nodes    | 31274
Memory Used: 13.3842 MB
------------------------------------------------------

DataType: Sorted | Size: 100000
Insertion (ms) | AVL: 25.2054 | RB: 37.1984 | BTree: 12.1755
Search (ms)    | AVL: 1.4757 | RB: 1.3232 | BTree: 1.2194
Height         | AVL: 17 | BTree: 9
BTree Nodes    | 49995
Memory Used: 15.3454 MB
------------------------------------------------------

DataType: Skewed | Size: 100000
Insertion (ms) | AVL: 32.8120 | RB: 50.2444 | BTree: 22.4303
Search (ms)    | AVL: 1.6864 | RB: 1.6791 | BTree: 1.9051
Height         | AVL: 20 | BTree: 9
BTree Nodes    | 45375
Memory Used: 14.8657 MB
------------------------------------------------------
]]></system-out>
  </testcase>
</testsuite>